[0.007s] Invoking command in '/home/predator/akash_ws/build/bot_description': /usr/bin/cmake --build /home/predator/akash_ws/build/bot_description -- -j20 -l20
[0.024s] -- Found ament_cmake: 1.3.11 (/opt/ros/humble/share/ament_cmake/cmake)
[0.095s] -- Found rclcpp: 16.0.12 (/opt/ros/humble/share/rclcpp/cmake)
[0.109s] -- Found rosidl_generator_c: 3.1.6 (/opt/ros/humble/share/rosidl_generator_c/cmake)
[0.110s] -- Found rosidl_adapter: 3.1.6 (/opt/ros/humble/share/rosidl_adapter/cmake)
[0.113s] -- Found rosidl_generator_cpp: 3.1.6 (/opt/ros/humble/share/rosidl_generator_cpp/cmake)
[0.119s] -- Using all available rosidl_typesupport_c: rosidl_typesupport_fastrtps_c;rosidl_typesupport_introspection_c
[0.125s] -- Using all available rosidl_typesupport_cpp: rosidl_typesupport_fastrtps_cpp;rosidl_typesupport_introspection_cpp
[0.142s] -- Found rmw_implementation_cmake: 6.1.2 (/opt/ros/humble/share/rmw_implementation_cmake/cmake)
[0.143s] -- Found rmw_fastrtps_cpp: 6.2.7 (/opt/ros/humble/share/rmw_fastrtps_cpp/cmake)
[0.204s] -- Using RMW implementation 'rmw_fastrtps_cpp' as default
[0.229s] -- Found gazebo_ros: 3.9.0 (/opt/ros/humble/share/gazebo_ros/cmake)
[0.248s] -- Found DART: /usr/include (Required is at least version "6.6") found components: dart 
[0.265s] -- Found Protobuf: /usr/lib/x86_64-linux-gnu/libprotobuf.so (found version "3.12.4") 
[0.266s] -- Looking for ignition-math6 -- found version 6.15.1
[0.268s] -- Searching for dependencies of ignition-math6
[0.269s] -- Looking for OGRE...
[0.273s] -- Found Ogre Ghadamon (1.9.0)
[0.273s] -- Found OGRE: optimized;/usr/lib/x86_64-linux-gnu/libOgreMain.so;debug;/usr/lib/x86_64-linux-gnu/libOgreMain.so
[0.279s] -- Looking for OGRE_Paging...
[0.280s] -- Found OGRE_Paging: optimized;/usr/lib/x86_64-linux-gnu/libOgrePaging.so;debug;/usr/lib/x86_64-linux-gnu/libOgrePaging.so
[0.280s] -- Looking for OGRE_Terrain...
[0.280s] -- Found OGRE_Terrain: optimized;/usr/lib/x86_64-linux-gnu/libOgreTerrain.so;debug;/usr/lib/x86_64-linux-gnu/libOgreTerrain.so
[0.280s] -- Looking for OGRE_Property...
[0.280s] -- Found OGRE_Property: optimized;/usr/lib/x86_64-linux-gnu/libOgreProperty.so;debug;/usr/lib/x86_64-linux-gnu/libOgreProperty.so
[0.280s] -- Looking for OGRE_RTShaderSystem...
[0.280s] -- Found OGRE_RTShaderSystem: optimized;/usr/lib/x86_64-linux-gnu/libOgreRTShaderSystem.so;debug;/usr/lib/x86_64-linux-gnu/libOgreRTShaderSystem.so
[0.280s] -- Looking for OGRE_Volume...
[0.280s] -- Found OGRE_Volume: optimized;/usr/lib/x86_64-linux-gnu/libOgreVolume.so;debug;/usr/lib/x86_64-linux-gnu/libOgreVolume.so
[0.280s] -- Looking for OGRE_Overlay...
[0.280s] -- Found OGRE_Overlay: optimized;/usr/lib/x86_64-linux-gnu/libOgreOverlay.so;debug;/usr/lib/x86_64-linux-gnu/libOgreOverlay.so
[0.330s] -- Looking for ignition-math6 -- found version 6.15.1
[0.330s] -- Looking for ignition-transport8 -- found version 8.2.1
[0.330s] -- Searching for dependencies of ignition-transport8
[0.341s] -- Found Protobuf: /usr/lib/x86_64-linux-gnu/libprotobuf.so (found suitable version "3.12.4", minimum required is "3") 
[0.350s] -- Config-file not installed for ZeroMQ -- checking for pkg-config
[0.354s] -- Checking for module 'libzmq >= 4'
[0.364s] --   Found libzmq , version 4.3.4
[0.419s] -- Checking for module 'uuid'
[0.436s] --   Found uuid, version 2.37.2
[0.484s] -- Looking for ignition-msgs5 -- found version 5.8.1
[0.484s] -- Searching for dependencies of ignition-msgs5
[0.499s] -- Looking for ignition-math6 -- found version 6.15.1
[0.504s] -- Checking for module 'tinyxml2'
[0.518s] --   Found tinyxml2, version 9.0.0
[0.565s] -- Looking for ignition-msgs5 -- found version 5.8.1
[0.565s] -- Looking for ignition-common3 -- found version 3.14.0
[0.566s] -- Searching for dependencies of ignition-common3
[0.566s] -- Looking for dlfcn.h - found
[0.566s] -- Looking for libdl - found
[0.580s] -- Searching for <ignition-common3> component [graphics]
[0.581s] -- Looking for ignition-common3-graphics -- found version 3.14.0
[0.582s] -- Searching for dependencies of ignition-common3-graphics
[0.582s] -- Looking for ignition-math6 -- found version 6.15.1
[0.584s] -- Looking for ignition-fuel_tools4 -- found version 4.4.0
[0.584s] -- Searching for dependencies of ignition-fuel_tools4
[0.616s] -- Checking for module 'jsoncpp'
[0.632s] --   Found jsoncpp, version 1.9.5
[0.683s] -- Checking for module 'libzip'
[0.700s] --   Found libzip, version 1.7.3
[0.747s] -- Looking for ignition-common3 -- found version 3.14.0
[0.748s] -- Looking for ignition-math6 -- found version 6.15.1
[0.748s] -- Looking for ignition-msgs5 -- found version 5.8.1
[0.750s] -- Gazebo version: 11.10
[0.752s] -- Found gazebo_msgs: 3.9.0 (/opt/ros/humble/share/gazebo_msgs/cmake)
[0.787s] -- Found sensor_msgs: 4.8.0 (/opt/ros/humble/share/sensor_msgs/cmake)
[0.800s] -- Found gazebo_plugins: 3.9.0 (/opt/ros/humble/share/gazebo_plugins/cmake)
[0.842s] Error parsing '/home/predator/akash_ws/src/bot_description/package.xml':
[0.866s] Traceback (most recent call last):
[0.866s]   File "/opt/ros/humble/share/ament_cmake_core/cmake/core/package_xml_2_cmake.py", line 150, in <module>
[0.866s]     main()
[0.866s]   File "/opt/ros/humble/share/ament_cmake_core/cmake/core/package_xml_2_cmake.py", line 53, in main
[0.866s]     raise e
[0.866s]   File "/opt/ros/humble/share/ament_cmake_core/cmake/core/package_xml_2_cmake.py", line 49, in main
[0.866s]     package = parse_package_string(
[0.866s]   File "/usr/lib/python3/dist-packages/catkin_pkg/package.py", line 786, in parse_package_string
[0.867s]     raise InvalidPackage('Error(s):%s' % (''.join(['\n- %s' % e for e in errors])), filename)
[0.867s] catkin_pkg.package.InvalidPackage: Error(s) in package '/home/predator/akash_ws/src/bot_description/package.xml':
[0.868s] Error(s):
[0.868s] - The generic dependency on 'gazebo_plugins' is redundant with: exec_depend
[0.875s] [31mCMake Error at /opt/ros/humble/share/ament_cmake_core/cmake/core/ament_package_xml.cmake:95 (message):
[0.875s]   execute_process(/usr/bin/python3
[0.875s]   /opt/ros/humble/share/ament_cmake_core/cmake/core/package_xml_2_cmake.py
[0.875s]   /home/predator/akash_ws/src/bot_description/package.xml
[0.875s]   /home/predator/akash_ws/build/bot_description/ament_cmake_core/package.cmake)
[0.875s]   returned error code 1
[0.875s] Call Stack (most recent call first):
[0.875s]   /opt/ros/humble/share/ament_cmake_core/cmake/core/ament_package_xml.cmake:49 (_ament_package_xml)
[0.876s]   /opt/ros/humble/share/ament_cmake_core/cmake/core/ament_package.cmake:63 (ament_package_xml)
[0.876s]   CMakeLists.txt:48 (ament_package)
[0.876s] 
[0.876s] [0m
[0.876s] -- Configuring incomplete, errors occurred!
[0.876s] See also "/home/predator/akash_ws/build/bot_description/CMakeFiles/CMakeOutput.log".
[0.882s] gmake: *** [Makefile:308: cmake_check_build_system] Error 1
[0.883s] Invoked command in '/home/predator/akash_ws/build/bot_description' returned '2': /usr/bin/cmake --build /home/predator/akash_ws/build/bot_description -- -j20 -l20
