[0.007s] Invoking command in '/home/predator/akash_ws/build/bot_description': /usr/bin/cmake --build /home/predator/akash_ws/build/bot_description -- -j20 -l20
[0.026s] -- Found ament_cmake: 1.3.11 (/opt/ros/humble/share/ament_cmake/cmake)
[0.108s] -- Found rclcpp: 16.0.12 (/opt/ros/humble/share/rclcpp/cmake)
[0.123s] -- Found rosidl_generator_c: 3.1.6 (/opt/ros/humble/share/rosidl_generator_c/cmake)
[0.124s] -- Found rosidl_adapter: 3.1.6 (/opt/ros/humble/share/rosidl_adapter/cmake)
[0.127s] -- Found rosidl_generator_cpp: 3.1.6 (/opt/ros/humble/share/rosidl_generator_cpp/cmake)
[0.132s] -- Using all available rosidl_typesupport_c: rosidl_typesupport_fastrtps_c;rosidl_typesupport_introspection_c
[0.138s] -- Using all available rosidl_typesupport_cpp: rosidl_typesupport_fastrtps_cpp;rosidl_typesupport_introspection_cpp
[0.155s] -- Found rmw_implementation_cmake: 6.1.2 (/opt/ros/humble/share/rmw_implementation_cmake/cmake)
[0.156s] -- Found rmw_fastrtps_cpp: 6.2.7 (/opt/ros/humble/share/rmw_fastrtps_cpp/cmake)
[0.216s] -- Using RMW implementation 'rmw_fastrtps_cpp' as default
[0.241s] -- Found gazebo_ros: 3.9.0 (/opt/ros/humble/share/gazebo_ros/cmake)
[0.260s] -- Found DART: /usr/include (Required is at least version "6.6") found components: dart 
[0.280s] -- Found Protobuf: /usr/lib/x86_64-linux-gnu/libprotobuf.so (found version "3.12.4") 
[0.281s] -- Looking for ignition-math6 -- found version 6.15.1
[0.283s] -- Searching for dependencies of ignition-math6
[0.284s] -- Looking for OGRE...
[0.288s] -- Found Ogre Ghadamon (1.9.0)
[0.289s] -- Found OGRE: optimized;/usr/lib/x86_64-linux-gnu/libOgreMain.so;debug;/usr/lib/x86_64-linux-gnu/libOgreMain.so
[0.295s] -- Looking for OGRE_Paging...
[0.295s] -- Found OGRE_Paging: optimized;/usr/lib/x86_64-linux-gnu/libOgrePaging.so;debug;/usr/lib/x86_64-linux-gnu/libOgrePaging.so
[0.295s] -- Looking for OGRE_Terrain...
[0.295s] -- Found OGRE_Terrain: optimized;/usr/lib/x86_64-linux-gnu/libOgreTerrain.so;debug;/usr/lib/x86_64-linux-gnu/libOgreTerrain.so
[0.295s] -- Looking for OGRE_Property...
[0.295s] -- Found OGRE_Property: optimized;/usr/lib/x86_64-linux-gnu/libOgreProperty.so;debug;/usr/lib/x86_64-linux-gnu/libOgreProperty.so
[0.295s] -- Looking for OGRE_RTShaderSystem...
[0.295s] -- Found OGRE_RTShaderSystem: optimized;/usr/lib/x86_64-linux-gnu/libOgreRTShaderSystem.so;debug;/usr/lib/x86_64-linux-gnu/libOgreRTShaderSystem.so
[0.295s] -- Looking for OGRE_Volume...
[0.295s] -- Found OGRE_Volume: optimized;/usr/lib/x86_64-linux-gnu/libOgreVolume.so;debug;/usr/lib/x86_64-linux-gnu/libOgreVolume.so
[0.295s] -- Looking for OGRE_Overlay...
[0.295s] -- Found OGRE_Overlay: optimized;/usr/lib/x86_64-linux-gnu/libOgreOverlay.so;debug;/usr/lib/x86_64-linux-gnu/libOgreOverlay.so
[0.343s] -- Looking for ignition-math6 -- found version 6.15.1
[0.343s] -- Looking for ignition-transport8 -- found version 8.2.1
[0.343s] -- Searching for dependencies of ignition-transport8
[0.353s] -- Found Protobuf: /usr/lib/x86_64-linux-gnu/libprotobuf.so (found suitable version "3.12.4", minimum required is "3") 
[0.358s] -- Config-file not installed for ZeroMQ -- checking for pkg-config
[0.361s] -- Checking for module 'libzmq >= 4'
[0.372s] --   Found libzmq , version 4.3.4
[0.422s] -- Checking for module 'uuid'
[0.438s] --   Found uuid, version 2.37.2
[0.477s] -- Looking for ignition-msgs5 -- found version 5.8.1
[0.477s] -- Searching for dependencies of ignition-msgs5
[0.491s] -- Looking for ignition-math6 -- found version 6.15.1
[0.494s] -- Checking for module 'tinyxml2'
[0.504s] --   Found tinyxml2, version 9.0.0
[0.549s] -- Looking for ignition-msgs5 -- found version 5.8.1
[0.549s] -- Looking for ignition-common3 -- found version 3.14.0
[0.550s] -- Searching for dependencies of ignition-common3
[0.550s] -- Looking for dlfcn.h - found
[0.550s] -- Looking for libdl - found
[0.563s] -- Searching for <ignition-common3> component [graphics]
[0.563s] -- Looking for ignition-common3-graphics -- found version 3.14.0
[0.563s] -- Searching for dependencies of ignition-common3-graphics
[0.563s] -- Looking for ignition-math6 -- found version 6.15.1
[0.564s] -- Looking for ignition-fuel_tools4 -- found version 4.4.0
[0.564s] -- Searching for dependencies of ignition-fuel_tools4
[0.599s] -- Checking for module 'jsoncpp'
[0.612s] --   Found jsoncpp, version 1.9.5
[0.665s] -- Checking for module 'libzip'
[0.683s] --   Found libzip, version 1.7.3
[0.730s] -- Looking for ignition-common3 -- found version 3.14.0
[0.730s] -- Looking for ignition-math6 -- found version 6.15.1
[0.731s] -- Looking for ignition-msgs5 -- found version 5.8.1
[0.733s] -- Gazebo version: 11.10
[0.734s] -- Found gazebo_msgs: 3.9.0 (/opt/ros/humble/share/gazebo_msgs/cmake)
[0.762s] -- Found sensor_msgs: 4.8.0 (/opt/ros/humble/share/sensor_msgs/cmake)
[0.804s] Error parsing '/home/predator/akash_ws/src/bot_description/package.xml':
[0.828s] Traceback (most recent call last):
[0.829s]   File "/opt/ros/humble/share/ament_cmake_core/cmake/core/package_xml_2_cmake.py", line 150, in <module>
[0.829s]     main()
[0.829s]   File "/opt/ros/humble/share/ament_cmake_core/cmake/core/package_xml_2_cmake.py", line 53, in main
[0.829s]     raise e
[0.829s]   File "/opt/ros/humble/share/ament_cmake_core/cmake/core/package_xml_2_cmake.py", line 49, in main
[0.829s]     package = parse_package_string(
[0.829s]   File "/usr/lib/python3/dist-packages/catkin_pkg/package.py", line 786, in parse_package_string
[0.829s]     raise InvalidPackage('Error(s):%s' % (''.join(['\n- %s' % e for e in errors])), filename)
[0.829s] catkin_pkg.package.InvalidPackage: Error(s) in package '/home/predator/akash_ws/src/bot_description/package.xml':
[0.829s] Error(s):
[0.829s] - The generic dependency on 'gazebo_plugins' is redundant with: exec_depend
[0.837s] [31mCMake Error at /opt/ros/humble/share/ament_cmake_core/cmake/core/ament_package_xml.cmake:95 (message):
[0.837s]   execute_process(/usr/bin/python3
[0.837s]   /opt/ros/humble/share/ament_cmake_core/cmake/core/package_xml_2_cmake.py
[0.837s]   /home/predator/akash_ws/src/bot_description/package.xml
[0.837s]   /home/predator/akash_ws/build/bot_description/ament_cmake_core/package.cmake)
[0.837s]   returned error code 1
[0.837s] Call Stack (most recent call first):
[0.837s]   /opt/ros/humble/share/ament_cmake_core/cmake/core/ament_package_xml.cmake:49 (_ament_package_xml)
[0.837s]   /opt/ros/humble/share/ament_cmake_core/cmake/core/ament_package.cmake:63 (ament_package_xml)
[0.837s]   CMakeLists.txt:47 (ament_package)
[0.837s] 
[0.837s] [0m
[0.837s] -- Configuring incomplete, errors occurred!
[0.837s] See also "/home/predator/akash_ws/build/bot_description/CMakeFiles/CMakeOutput.log".
[0.843s] gmake: *** [Makefile:308: cmake_check_build_system] Error 1
[0.845s] Invoked command in '/home/predator/akash_ws/build/bot_description' returned '2': /usr/bin/cmake --build /home/predator/akash_ws/build/bot_description -- -j20 -l20
